<?xml version="1.0" encoding="UTF-8"?>
<robot generator="Robot 4.1.2 (Python 3.10.0 on win32)" generated="20211108 13:47:43.821" rpa="false" schemaversion="2">
<suite id="s1" name="TestSitePraticeBDD" source="E:\Projetos Robot\Suite SiteTestePratice\tests\TestSitePraticeBDD.robot">
<test id="s1-t1" name="Cenário 01: Pesquisar produto existente.">
<kw name="Abrir navegador" library="Resource" type="SETUP">
<kw name="Open Browser" library="SeleniumLibrary">
<arg>${url}</arg>
<arg>${BROWSER}</arg>
<doc>Opens a new browser instance to the optional ``url``.</doc>
<msg timestamp="20211108 13:47:44.027" level="INFO">Opening browser 'chrome' to base url 'http://automationpractice.com/index.php?'.</msg>
<status status="PASS" starttime="20211108 13:47:44.027" endtime="20211108 13:47:50.412"/>
</kw>
<status status="PASS" starttime="20211108 13:47:44.027" endtime="20211108 13:47:50.412"/>
</kw>
<kw name="Dado que estou na página home do site">
<kw name="Acessar a página home do site" library="Resource">
<kw name="Title Should Be" library="SeleniumLibrary">
<arg>My Store</arg>
<doc>Verifies that the current page title equals ``title``.</doc>
<msg timestamp="20211108 13:47:50.419" level="INFO">Page title is 'My Store'.</msg>
<status status="PASS" starttime="20211108 13:47:50.413" endtime="20211108 13:47:50.420"/>
</kw>
<status status="PASS" starttime="20211108 13:47:50.412" endtime="20211108 13:47:50.420"/>
</kw>
<status status="PASS" starttime="20211108 13:47:50.412" endtime="20211108 13:47:50.420"/>
</kw>
<kw name="Quando eu pesquisar pelo produto &quot;Blouse&quot;" sourcename="Quando eu pesquisar pelo produto &quot;${PRODUTO}&quot;">
<kw name="Digitar o nome do produto &quot;${PRODUTO}&quot; no campo de pesquisa" library="Resource" sourcename="Digitar o nome do produto &quot;${PRODUTO}&quot; no campo de pesquisa">
<kw name="Input Text" library="SeleniumLibrary">
<arg>id:search_query_top</arg>
<arg>${PRODUTO}</arg>
<doc>Types the given ``text`` into the text field identified by ``locator``.</doc>
<msg timestamp="20211108 13:47:50.421" level="INFO">Typing text 'Blouse' into text field 'id:search_query_top'.</msg>
<status status="PASS" starttime="20211108 13:47:50.420" endtime="20211108 13:47:50.540"/>
</kw>
<status status="PASS" starttime="20211108 13:47:50.420" endtime="20211108 13:47:50.540"/>
</kw>
<kw name="Clicar no botão pesquisar" library="Resource">
<kw name="Click Button" library="SeleniumLibrary">
<arg>class:button-search</arg>
<doc>Clicks the button identified by ``locator``.</doc>
<msg timestamp="20211108 13:47:50.541" level="INFO">Clicking button 'class:button-search'.</msg>
<status status="PASS" starttime="20211108 13:47:50.541" endtime="20211108 13:47:52.591"/>
</kw>
<kw name="Sleep" library="BuiltIn">
<arg>5</arg>
<doc>Pauses the test executed for the given time.</doc>
<msg timestamp="20211108 13:47:57.597" level="INFO">Slept 5 seconds</msg>
<status status="PASS" starttime="20211108 13:47:52.592" endtime="20211108 13:47:57.597"/>
</kw>
<status status="PASS" starttime="20211108 13:47:50.541" endtime="20211108 13:47:57.597"/>
</kw>
<status status="PASS" starttime="20211108 13:47:50.420" endtime="20211108 13:47:57.597"/>
</kw>
<kw name="Então o produtro &quot;Blouse&quot; deve ser listado na página de resultado da busca" sourcename="Então o produtro &quot;${PRODUTO}&quot; deve ser listado na página de resultado da busca">
<kw name="Conferir se o produto &quot;${PRODUTO}&quot; foi encontrado" library="Resource" sourcename="Conferir se o produto &quot;${PRODUTO}&quot; foi encontrado">
<kw name="Wait Until Element Is Visible" library="SeleniumLibrary">
<arg>class:product-listing</arg>
<doc>Waits until the element ``locator`` is visible.</doc>
<status status="PASS" starttime="20211108 13:47:57.598" endtime="20211108 13:47:57.631"/>
</kw>
<kw name="Title Should Be" library="SeleniumLibrary">
<arg>Search - My Store</arg>
<doc>Verifies that the current page title equals ``title``.</doc>
<msg timestamp="20211108 13:47:57.635" level="INFO">Page title is 'Search - My Store'.</msg>
<status status="PASS" starttime="20211108 13:47:57.631" endtime="20211108 13:47:57.635"/>
</kw>
<kw name="Page Should Contain Image" library="SeleniumLibrary">
<arg>http://automationpractice.com/img/p/7/7-home_default.jpg</arg>
<doc>Verifies image identified by ``locator`` is found from current page.</doc>
<msg timestamp="20211108 13:47:57.655" level="INFO">Current page contains image 'http://automationpractice.com/img/p/7/7-home_default.jpg'.</msg>
<status status="PASS" starttime="20211108 13:47:57.635" endtime="20211108 13:47:57.655"/>
</kw>
<kw name="Page Should Contain Link" library="SeleniumLibrary">
<arg>xpath://*[@id="center_column"]//a[@class="product-name"][contains(text(),"${PRODUTO}")]</arg>
<doc>Verifies link identified by ``locator`` is found from current page.</doc>
<msg timestamp="20211108 13:47:57.674" level="INFO">Current page contains link 'xpath://*[@id="center_column"]//a[@class="product-name"][contains(text(),"Blouse")]'.</msg>
<status status="PASS" starttime="20211108 13:47:57.656" endtime="20211108 13:47:57.674"/>
</kw>
<status status="PASS" starttime="20211108 13:47:57.598" endtime="20211108 13:47:57.674"/>
</kw>
<status status="PASS" starttime="20211108 13:47:57.597" endtime="20211108 13:47:57.674"/>
</kw>
<kw name="Fechar navegador" library="Resource" type="TEARDOWN">
<kw name="Close Browser" library="SeleniumLibrary">
<doc>Closes the current browser.</doc>
<status status="PASS" starttime="20211108 13:47:57.675" endtime="20211108 13:48:00.011"/>
</kw>
<status status="PASS" starttime="20211108 13:47:57.675" endtime="20211108 13:48:00.011"/>
</kw>
<status status="PASS" starttime="20211108 13:47:44.026" endtime="20211108 13:48:00.011"/>
</test>
<status status="PASS" starttime="20211108 13:47:43.823" endtime="20211108 13:48:00.012"/>
</suite>
<statistics>
<total>
<stat pass="1" fail="0" skip="0">All Tests</stat>
</total>
<tag>
</tag>
<suite>
<stat pass="1" fail="0" skip="0" id="s1" name="TestSitePraticeBDD">TestSitePraticeBDD</stat>
</suite>
</statistics>
<errors>
</errors>
</robot>
