<?xml version="1.0" encoding="UTF-8"?>
<robot generator="Robot 4.1.2 (Python 3.10.0 on win32)" generated="20211108 04:04:15.001" rpa="false" schemaversion="2">
<suite id="s1" name="TestSitePratice" source="E:\Projetos Robot\Suite SiteTestePratice\tests\TestSitePratice.robot">
<test id="s1-t1" name="Caso de teste 01: Pesquisar produto existente.">
<kw name="Abrir navegador" library="Resource" type="SETUP">
<kw name="Open Browser" library="SeleniumLibrary">
<arg>${url}</arg>
<arg>${BROWSER}</arg>
<doc>Opens a new browser instance to the optional ``url``.</doc>
<msg timestamp="20211108 04:04:15.195" level="INFO">Opening browser 'Chrome' to base url 'http://automationpractice.com/index.php?'.</msg>
<status status="PASS" starttime="20211108 04:04:15.195" endtime="20211108 04:04:21.034"/>
</kw>
<status status="PASS" starttime="20211108 04:04:15.195" endtime="20211108 04:04:21.034"/>
</kw>
<kw name="Acessar a página home do site" library="Resource">
<kw name="Title Should Be" library="SeleniumLibrary">
<arg>My Store</arg>
<doc>Verifies that the current page title equals ``title``.</doc>
<msg timestamp="20211108 04:04:21.046" level="INFO">Page title is 'My Store'.</msg>
<status status="PASS" starttime="20211108 04:04:21.037" endtime="20211108 04:04:21.046"/>
</kw>
<status status="PASS" starttime="20211108 04:04:21.037" endtime="20211108 04:04:21.046"/>
</kw>
<kw name="Digitar o nome do produto &quot;Blouse&quot; no campo de pesquisa" library="Resource" sourcename="Digitar o nome do produto &quot;${PRODUTO}&quot; no campo de pesquisa">
<kw name="Input Text" library="SeleniumLibrary">
<arg>id:search_query_top</arg>
<arg>${PRODUTO}</arg>
<doc>Types the given ``text`` into the text field identified by ``locator``.</doc>
<msg timestamp="20211108 04:04:21.047" level="INFO">Typing text 'Blouse' into text field 'id:search_query_top'.</msg>
<status status="PASS" starttime="20211108 04:04:21.047" endtime="20211108 04:04:21.153"/>
</kw>
<status status="PASS" starttime="20211108 04:04:21.046" endtime="20211108 04:04:21.153"/>
</kw>
<kw name="Clicar no botão pesquisar" library="Resource">
<kw name="Click Button" library="SeleniumLibrary">
<arg>class:button-search</arg>
<doc>Clicks the button identified by ``locator``.</doc>
<msg timestamp="20211108 04:04:21.154" level="INFO">Clicking button 'class:button-search'.</msg>
<status status="PASS" starttime="20211108 04:04:21.154" endtime="20211108 04:04:22.586"/>
</kw>
<kw name="Sleep" library="BuiltIn">
<arg>5</arg>
<doc>Pauses the test executed for the given time.</doc>
<msg timestamp="20211108 04:04:27.598" level="INFO">Slept 5 seconds</msg>
<status status="PASS" starttime="20211108 04:04:22.586" endtime="20211108 04:04:27.598"/>
</kw>
<status status="PASS" starttime="20211108 04:04:21.153" endtime="20211108 04:04:27.598"/>
</kw>
<kw name="Conferir se o produto &quot;Blouse&quot; foi encontrado" library="Resource" sourcename="Conferir se o produto &quot;${PRODUTO}&quot; foi encontrado">
<kw name="Wait Until Element Is Visible" library="SeleniumLibrary">
<arg>class:product-listing</arg>
<doc>Waits until the element ``locator`` is visible.</doc>
<status status="PASS" starttime="20211108 04:04:27.599" endtime="20211108 04:04:27.628"/>
</kw>
<kw name="Title Should Be" library="SeleniumLibrary">
<arg>Search - My Store</arg>
<doc>Verifies that the current page title equals ``title``.</doc>
<msg timestamp="20211108 04:04:27.632" level="INFO">Page title is 'Search - My Store'.</msg>
<status status="PASS" starttime="20211108 04:04:27.628" endtime="20211108 04:04:27.632"/>
</kw>
<kw name="Page Should Contain Image" library="SeleniumLibrary">
<arg>http://automationpractice.com/img/p/7/7-home_default.jpg</arg>
<doc>Verifies image identified by ``locator`` is found from current page.</doc>
<msg timestamp="20211108 04:04:27.650" level="INFO">Current page contains image 'http://automationpractice.com/img/p/7/7-home_default.jpg'.</msg>
<status status="PASS" starttime="20211108 04:04:27.632" endtime="20211108 04:04:27.650"/>
</kw>
<kw name="Page Should Contain Link" library="SeleniumLibrary">
<arg>xpath://*[@id="center_column"]//a[@class="product-name"][contains(text(),"${PRODUTO}")]</arg>
<doc>Verifies link identified by ``locator`` is found from current page.</doc>
<msg timestamp="20211108 04:04:27.668" level="INFO">Current page contains link 'xpath://*[@id="center_column"]//a[@class="product-name"][contains(text(),"Blouse")]'.</msg>
<status status="PASS" starttime="20211108 04:04:27.650" endtime="20211108 04:04:27.668"/>
</kw>
<status status="PASS" starttime="20211108 04:04:27.599" endtime="20211108 04:04:27.669"/>
</kw>
<kw name="Fechar navegador" library="Resource" type="TEARDOWN">
<kw name="Close Browser" library="SeleniumLibrary">
<doc>Closes the current browser.</doc>
<status status="PASS" starttime="20211108 04:04:27.669" endtime="20211108 04:04:29.801"/>
</kw>
<status status="PASS" starttime="20211108 04:04:27.669" endtime="20211108 04:04:29.801"/>
</kw>
<status status="PASS" starttime="20211108 04:04:15.194" endtime="20211108 04:04:29.802"/>
</test>
<status status="PASS" starttime="20211108 04:04:15.002" endtime="20211108 04:04:29.804"/>
</suite>
<statistics>
<total>
<stat pass="1" fail="0" skip="0">All Tests</stat>
</total>
<tag>
</tag>
<suite>
<stat pass="1" fail="0" skip="0" id="s1" name="TestSitePratice">TestSitePratice</stat>
</suite>
</statistics>
<errors>
</errors>
</robot>
